[2026/04/27 04:02:33   INFO]           [HytaleServer] Starting HytaleServer
[2026/04/27 04:02:33   INFO]           [HytaleServer] Loading config...
[2026/04/27 04:02:33 SEVERE]                   [SERR] decodeJson: class com.hypixel.hytale.codec.DocumentContainingCodec
[2026/04/27 04:02:33   INFO]           [HytaleServer] Authentication mode: AUTHENTICATED
[2026/04/27 04:02:33   INFO]      [ServerAuthManager] No server tokens configured. Use /auth login to authenticate, or provide tokens via CLI/environment.
[2026/04/27 04:02:33   INFO]      [ServerAuthManager] Server session ID: d389c688-e0a9-46f8-b876-145495203731
[2026/04/27 04:02:34   INFO]           [HytaleServer] Booting up HytaleServer - Version: 2026.03.26-89796e57b, Revision: 89796e57b95fa62c6306b423dde8dfbffaa03ce7
[2026/04/27 04:02:34   INFO]           [HytaleServer] Setup phase...
[2026/04/27 04:02:34   INFO]          [PluginManager] Loading pending core plugins!
[2026/04/27 04:02:34   INFO]          [PluginManager] - Hytale:ConsoleModule
[2026/04/27 04:02:34   INFO]          [PluginManager] - Hytale:PermissionsModule
[2026/04/27 04:02:34   INFO]          [PluginManager] - Hytale:UpdateModule
[2026/04/27 04:02:34   INFO]          [PluginManager] - Hytale:FlyCameraModule
[2026/04/27 04:02:34   INFO]          [PluginManager] - Hytale:AssetModule
[2026/04/27 04:02:34   INFO]          [PluginManager] - Hytale:CommonAssetModule
[2026/04/27 04:02:34   INFO]          [PluginManager] - Hytale:CosmeticsModule
[2026/04/27 04:02:34   INFO]          [PluginManager] - Hytale:ServerManager
[2026/04/27 04:02:34   INFO]          [PluginManager] - Hytale:I18nModule
[2026/04/27 04:02:34   INFO]          [PluginManager] - Hytale:ItemModule
[2026/04/27 04:02:34   INFO]          [PluginManager] - Hytale:BlockTypeModule
[2026/04/27 04:02:34   INFO]          [PluginManager] - Hytale:LegacyModule
[2026/04/27 04:02:34   INFO]          [PluginManager] - Hytale:BlockModule
[2026/04/27 04:02:34   INFO]          [PluginManager] - Hytale:CollisionModule
[2026/04/27 04:02:34   INFO]          [PluginManager] - Hytale:BlockSetModule
[2026/04/27 04:02:34   INFO]          [PluginManager] - Hytale:MigrationModule
[2026/04/27 04:02:34   INFO]          [PluginManager] - Hytale:BlockHealthModule
[2026/04/27 04:02:34   INFO]          [PluginManager] - Hytale:PrefabSpawnerModule
[2026/04/27 04:02:34   INFO]          [PluginManager] - Hytale:TimeModule
[2026/04/27 04:02:34   INFO]          [PluginManager] - Hytale:AnchorActionModule
[2026/04/27 04:02:34   INFO]          [PluginManager] - Hytale:InteractionModule
[2026/04/27 04:02:34   INFO]          [PluginManager] - Hytale:EntityModule
[2026/04/27 04:02:34   INFO]          [PluginManager] - Hytale:EntityStatsModule
[2026/04/27 04:02:34   INFO]          [PluginManager] - Hytale:EntityUIModule
[2026/04/27 04:02:34   INFO]          [PluginManager] - Hytale:DamageModule
[2026/04/27 04:02:34   INFO]          [PluginManager] - Hytale:SplitVelocity
[2026/04/27 04:02:34   INFO]          [PluginManager] - Hytale:StaminaModule
[2026/04/27 04:02:34   INFO]          [PluginManager] - Hytale:DebugPlugin
[2026/04/27 04:02:34   INFO]          [PluginManager] - Hytale:ProjectileModule
[2026/04/27 04:02:34   INFO]          [PluginManager] - Hytale:ServerPlayerListModule
[2026/04/27 04:02:34   INFO]          [PluginManager] - Hytale:VoiceModule
[2026/04/27 04:02:34   INFO]          [PluginManager] - Hytale:AccessControlModule
[2026/04/27 04:02:34   INFO]          [PluginManager] - Hytale:SingleplayerModule
[2026/04/27 04:02:34   INFO]          [PluginManager] - Hytale:Universe
[2026/04/27 04:02:34   INFO]          [PluginManager] - Hytale:ConnectedBlocksModule
[2026/04/27 04:02:34   INFO]          [PluginManager] Loading pending classpath plugins!
[2026/04/27 04:02:34   INFO]          [PluginManager] - com.example:HyGen
[2026/04/27 04:02:34   INFO]          [PluginManager] - Hytale:AssetEditor
[2026/04/27 04:02:34   INFO]          [PluginManager] - Hytale:BlockSpawner
[2026/04/27 04:02:34   INFO]          [PluginManager] - Hytale:BlockTick
[2026/04/27 04:02:34   INFO]          [PluginManager] - Hytale:BlockPhysics
[2026/04/27 04:02:34   INFO]          [PluginManager] - Hytale:BuilderTools
[2026/04/27 04:02:34   INFO]          [PluginManager] - Hytale:Crafting
[2026/04/27 04:02:34   INFO]          [PluginManager] - Hytale:CommandMacro
[2026/04/27 04:02:34   INFO]          [PluginManager] - Hytale:Instances
[2026/04/27 04:02:34   INFO]          [PluginManager] - Hytale:LANDiscovery
[2026/04/27 04:02:34   INFO]          [PluginManager] - Hytale:NPC
[2026/04/27 04:02:34   INFO]          [PluginManager] - Hytale:NPCObjectives
[2026/04/27 04:02:34   INFO]          [PluginManager] - Hytale:ObjectiveReputation
[2026/04/27 04:02:34   INFO]          [PluginManager] - Hytale:Objectives
[2026/04/27 04:02:34   INFO]          [PluginManager] - Hytale:ObjectiveShop
[2026/04/27 04:02:34   INFO]          [PluginManager] - Hytale:Path
[2026/04/27 04:02:34   INFO]          [PluginManager] - Hytale:Reputation
[2026/04/27 04:02:34   INFO]          [PluginManager] - Hytale:NPCReputation
[2026/04/27 04:02:34   INFO]          [PluginManager] - Hytale:Shop
[2026/04/27 04:02:34   INFO]          [PluginManager] - Hytale:ShopReputation
[2026/04/27 04:02:34   INFO]          [PluginManager] - Hytale:NPCShop
[2026/04/27 04:02:34   INFO]          [PluginManager] - Hytale:NPCEditor
[2026/04/27 04:02:34   INFO]          [PluginManager] - Hytale:Stash
[2026/04/27 04:02:34   INFO]          [PluginManager] - Hytale:TagSet
[2026/04/27 04:02:34   INFO]          [PluginManager] - Hytale:Teleport
[2026/04/27 04:02:34   INFO]          [PluginManager] - Hytale:Fluid
[2026/04/27 04:02:34   INFO]          [PluginManager] - Hytale:Weather
[2026/04/27 04:02:34   INFO]          [PluginManager] - Hytale:WorldGen
[2026/04/27 04:02:34   INFO]          [PluginManager] - Hytale:Farming
[2026/04/27 04:02:34   INFO]          [PluginManager] - Hytale:Camera
[2026/04/27 04:02:34   INFO]          [PluginManager] - Hytale:WorldLocationCondition
[2026/04/27 04:02:34   INFO]          [PluginManager] - Hytale:NPCCombatActionEvaluator
[2026/04/27 04:02:34   INFO]          [PluginManager] - Hytale:Model
[2026/04/27 04:02:34   INFO]          [PluginManager] - Hytale:Mantling
[2026/04/27 04:02:34   INFO]          [PluginManager] - Hytale:SafetyRoll
[2026/04/27 04:02:34   INFO]          [PluginManager] - Hytale:SprintForce
[2026/04/27 04:02:34   INFO]          [PluginManager] - Hytale:CrouchSlide
[2026/04/27 04:02:34   INFO]          [PluginManager] - Hytale:Parkour
[2026/04/27 04:02:34   INFO]          [PluginManager] - Hytale:Mounts
[2026/04/27 04:02:34   INFO]          [PluginManager] - Hytale:HytaleGenerator
[2026/04/27 04:02:34   INFO]          [PluginManager] - Hytale:Teleporter
[2026/04/27 04:02:34   INFO]          [PluginManager] - Hytale:Memories
[2026/04/27 04:02:34   INFO]          [PluginManager] - Hytale:Deployables
[2026/04/27 04:02:34   INFO]          [PluginManager] - Hytale:Portals
[2026/04/27 04:02:34   INFO]          [PluginManager] - Hytale:Beds
[2026/04/27 04:02:34   INFO]          [PluginManager] - Hytale:Ambience
[2026/04/27 04:02:34   INFO]          [PluginManager] - Hytale:CreativeHub
[2026/04/27 04:02:34   INFO]          [PluginManager] - Hytale:RandomTick
[2026/04/27 04:02:34   INFO]          [PluginManager] Loading pending plugins from directory: mods
[2026/04/27 04:02:34   WARN]          [PluginManager] Plugin 'com.example:HyGen' targets a different server version 2026.03.26-89796e57b. You may encounter issues, please check for plugin updates.
[2026/04/27 04:02:34 SEVERE]          [PluginManager] One or more plugins are targeting a different server version. It is recommended to update these plugins to ensure compatibility.
[2026/04/27 04:02:34   INFO]          [AssetModule|P] Asset monitor enabled!
[2026/04/27 04:02:34   INFO]          [AssetModule|P] Loaded pack: Hytale:Hytale from Assets.zip
[2026/04/27 04:02:34   INFO]          [AssetModule|P] Loading packs from directory: mods
[2026/04/27 04:02:34   WARN]          [AssetModule|P] Skipping pack at Hytale_Shop: missing or invalid manifest.json
[2026/04/27 04:02:34 SEVERE]                [HyGen|P] Failed to setup plugin com.example:HyGen
java.lang.IllegalArgumentException: SystemType dependency isn't registered: class com.hypixel.hytale.server.core.modules.entity.damage.DeathSystems$PlayerDeathScreen
	at com.hypixel.hytale.component.dependency.SystemDependency.validate(SystemDependency.java:36)
	at com.hypixel.hytale.component.ComponentRegistry.registerSystem(ComponentRegistry.java:719)
	at com.hypixel.hytale.component.ComponentRegistry.registerSystem(ComponentRegistry.java:685)
	at com.hypixel.hytale.component.ComponentRegistryProxy.registerSystem(ComponentRegistryProxy.java:92)
	at com.example.exampleplugin.LevelingPlugin.setup(LevelingPlugin.java:112)
	at com.hypixel.hytale.server.core.plugin.PluginBase.setup0(PluginBase.java:390)
	at com.hypixel.hytale.server.core.plugin.JavaPlugin.setup0(JavaPlugin.java:48)
	at com.hypixel.hytale.server.core.plugin.PluginManager.setup(PluginManager.java:892)
	at com.hypixel.hytale.server.core.plugin.PluginManager.setup(PluginManager.java:291)
	at com.hypixel.hytale.server.core.HytaleServer.boot(HytaleServer.java:389)
	at com.hypixel.hytale.server.core.HytaleServer.<init>(HytaleServer.java:347)
	at com.hypixel.hytale.LateMain.lateMain(LateMain.java:56)
	at com.hypixel.hytale.Main.main(Main.java:43)

[2026/04/27 04:02:34   INFO]        [ConsoleModule|P] Setup console with type: dumb-color
[2026/04/27 04:02:34   INFO]      [ServerAuthManager] Server certificate set: CN=localhost
[2026/04/27 04:02:34   INFO]          [QUICTransport] Server certificate registered for mutual auth, fingerprint: 5OEbD79-Koz5dJnJRElGyubnOJxP4bFdjugttuaReCs
[2026/04/27 04:02:34   INFO]          [QUICTransport] Using IPv4 Datagram Channel: NioDatagramChannel(INET)...
[2026/04/27 04:02:34   INFO]          [QUICTransport] Using IPv6 Datagram Channel: NioDatagramChannel(INET6)...
[2026/04/27 04:02:34   INFO]        [ServerManager|P] Took 728ms 562us 42ns to setup transport!
[2026/04/27 04:02:35   INFO]          [VoiceModule|P] [Voice] Registered voice stream handler
[2026/04/27 04:02:35   INFO]          [VoiceModule|P] [Voice] VoiceModule initialized (maxDistance=32.0, refDistance=4.0, enabled=true, voiceStreamSupported=true)
[2026/04/27 04:02:35   INFO]           [HytaleServer] Shutdown triggered!!!
[2026/04/27 04:02:35   INFO]           [HytaleServer] Shutting down... 9  'client.disconnection.shutdownReason.pluginError.detail'
[2026/04/27 04:02:35   INFO]          [PluginManager] Saving plugins config...
[2026/04/27 04:02:35   INFO]           [HytaleServer] Saving config...
[2026/04/27 04:02:35   INFO]           [HytaleServer] Shutdown completed!
